Drill report for nrf5340_qkaa_rev1_sensor.kicad_pcb
Created on 1/14/2022 4:12:03 PM

Copper Layer Stackup:
    =============================================================
    L1 :  F.Cu                      front
    L2 :  In1.Cu                    in1
    L3 :  In2.Cu                    in2
    L4 :  B.Cu                      back


Drill file 'nrf5340_qkaa_rev1_sensor-PTH.drl' contains
    plated through holes:
    =============================================================
    T1  0.152mm  0.0060"  (21 holes)
    T2  0.254mm  0.0100"  (129 holes)
    T3  0.300mm  0.0118"  (16 holes)
    T4  0.650mm  0.0256"  (2 holes)  (with 2 slots)
    T5  0.700mm  0.0276"  (2 holes)  (with 2 slots)
    T6  1.000mm  0.0394"  (57 holes)
    T7  2.500mm  0.0984"  (2 holes)

    Total plated holes count 229


Drill file 'nrf5340_qkaa_rev1_sensor-front-in1.drl' contains
    holes connecting layer pair: 'F.Cu and In1.Cu' (blind vias):
    =============================================================
    T1  0.102mm  0.0040"  (30 holes)

    Total plated holes count 30


Drill file 'nrf5340_qkaa_rev1_sensor-NPTH.drl' contains
    unplated through holes:
    =============================================================
    T1  0.991mm  0.0390"  (3 holes)
    T2  2.500mm  0.0984"  (2 holes)

    Total unplated holes count 5
